app/build/intermediates/manifest_merge_blame_file/debug/manifest-merger-blame-debug-report.txt
1<?xml version="1.0" encoding="utf-8"?>
2<manifest xmlns:android="http://schemas.android.com/apk/res/android"
3    package="com.atefs.infopendakian"
4    android:versionCode="1"
5    android:versionName="1.0" >
6
7    <uses-sdk
8        android:minSdkVersion="21"
8-->src\main\AndroidManifest.xml
9        android:targetSdkVersion="31" />
9-->src\main\AndroidManifest.xml
10
11    <!-- Include required permissions for Google Maps API to run. -->
12    <uses-permission android:name="android.permission.ACCESS_NETWORK_STATE" />
12-->[com.google.android.gms:play-services-maps:17.0.1] AndroidManifest.xml:23:5-79
12-->[com.google.android.gms:play-services-maps:17.0.1] AndroidManifest.xml:23:22-76
13    <uses-permission android:name="android.permission.INTERNET" />
13-->[com.google.android.gms:play-services-maps:17.0.1] AndroidManifest.xml:24:5-67
13-->[com.google.android.gms:play-services-maps:17.0.1] AndroidManifest.xml:24:22-64
14
15    <uses-feature
15-->[com.google.android.gms:play-services-maps:17.0.1] AndroidManifest.xml:26:5-28:35
16        android:glEsVersion="0x00020000"
16-->[com.google.android.gms:play-services-maps:17.0.1] AndroidManifest.xml:27:9-41
17        android:required="true" />
17-->[com.google.android.gms:play-services-maps:17.0.1] AndroidManifest.xml:28:9-32
18
19    <queries>
19-->[com.google.android.gms:play-services-maps:17.0.1] AndroidManifest.xml:30:5-34:15
20
21        <!-- Needs to be explicitly declared on Android R+ -->
22        <package android:name="com.google.android.apps.maps" />
22-->[com.google.android.gms:play-services-maps:17.0.1] AndroidManifest.xml:33:9-64
22-->[com.google.android.gms:play-services-maps:17.0.1] AndroidManifest.xml:33:18-61
23    </queries>
24
25    <application
25-->src\main\AndroidManifest.xml:5:5-21:19
26        android:allowBackup="true"
26-->src\main\AndroidManifest.xml:6:9-35
27        android:appComponentFactory="androidx.core.app.CoreComponentFactory"
27-->[androidx.core:core:1.6.0] AndroidManifest.xml:24:18-86
28        android:debuggable="true"
29        android:icon="@mipmap/ic_launcher"
29-->src\main\AndroidManifest.xml:7:9-43
30        android:label="@string/app_name"
30-->src\main\AndroidManifest.xml:8:9-41
31        android:roundIcon="@mipmap/ic_launcher_round"
31-->src\main\AndroidManifest.xml:9:9-54
32        android:supportsRtl="true"
32-->src\main\AndroidManifest.xml:10:9-35
33        android:theme="@style/Theme.InfoPendakian" >
33-->src\main\AndroidManifest.xml:11:9-51
34        <activity
34-->src\main\AndroidManifest.xml:12:9-20:20
35            android:name="com.atefs.infopendakian.activities.MainActivity"
35-->src\main\AndroidManifest.xml:13:13-52
36            android:exported="true" >
36-->src\main\AndroidManifest.xml:14:13-36
37            <intent-filter>
37-->src\main\AndroidManifest.xml:15:13-19:29
38                <action android:name="android.intent.action.MAIN" />
38-->src\main\AndroidManifest.xml:16:17-69
38-->src\main\AndroidManifest.xml:16:25-66
39
40                <category android:name="android.intent.category.LAUNCHER" />
40-->src\main\AndroidManifest.xml:18:17-77
40-->src\main\AndroidManifest.xml:18:27-74
41            </intent-filter>
42        </activity>
43        <!-- Needs to be explicitly declared on P+ -->
44        <uses-library
44-->[com.google.android.gms:play-services-maps:17.0.1] AndroidManifest.xml:39:9-41:40
45            android:name="org.apache.http.legacy"
45-->[com.google.android.gms:play-services-maps:17.0.1] AndroidManifest.xml:40:13-50
46            android:required="false" />
46-->[com.google.android.gms:play-services-maps:17.0.1] AndroidManifest.xml:41:13-37
47
48        <activity
48-->[com.google.android.gms:play-services-base:17.0.0] AndroidManifest.xml:23:9-26:75
49            android:name="com.google.android.gms.common.api.GoogleApiActivity"
49-->[com.google.android.gms:play-services-base:17.0.0] AndroidManifest.xml:24:13-79
50            android:exported="false"
50-->[com.google.android.gms:play-services-base:17.0.0] AndroidManifest.xml:25:13-37
51            android:theme="@android:style/Theme.Translucent.NoTitleBar" />
51-->[com.google.android.gms:play-services-base:17.0.0] AndroidManifest.xml:26:13-72
52
53        <meta-data
53-->[com.google.android.gms:play-services-basement:17.0.0] AndroidManifest.xml:23:9-25:69
54            android:name="com.google.android.gms.version"
54-->[com.google.android.gms:play-services-basement:17.0.0] AndroidManifest.xml:24:13-58
55            android:value="@integer/google_play_services_version" />
55-->[com.google.android.gms:play-services-basement:17.0.0] AndroidManifest.xml:25:13-66
56    </application>
57
58</manifest>